<?xml version="1.0" encoding="UTF-8"?>
<!-- Generated by org.testng.reporters.JUnitReportReporter -->
<testsuite hostname="admin" failures="0" tests="1" name="test.NewTest" time="12.907" errors="0" timestamp="2020-01-05T11:25:02 IST" skipped="0">
  <testcase classname="test.NewTest" name="launchBrowser" time="12.907"/>
</testsuite> <!-- test.NewTest -->
