<?xml version="1.0" encoding="UTF-8"?>
<!-- Generated by org.testng.reporters.JUnitReportReporter -->
<testsuite hostname="admin" name="test.NewTest" tests="1" failures="0" timestamp="12 Jan 2020 06:59:24 GMT" time="10.634" errors="0">
  <testcase name="launchBrowser" time="10.634" classname="test.NewTest"/>
</testsuite> <!-- test.NewTest -->
